{"/home/linda/dbwebb-kurser/vteam/scooter-app/controller/ScooterUtils.ts": {"path":"/home/linda/dbwebb-kurser/vteam/scooter-app/controller/ScooterUtils.ts","statementMap":{"0":{"start":{"line":1,"column":11},"end":{"line":1,"column":24}},"1":{"start":{"line":11,"column":13},"end":{"line":11,"column":32}},"2":{"start":{"line":12,"column":22},"end":{"line":12,"column":66}},"3":{"start":{"line":24,"column":26},"end":{"line":24,"column":56}},"4":{"start":{"line":25,"column":22},"end":{"line":25,"column":54}},"5":{"start":{"line":26,"column":24},"end":{"line":26,"column":53}},"6":{"start":{"line":27,"column":49},"end":{"line":27,"column":51}},"7":{"start":{"line":29,"column":8},"end":{"line":58,"column":9}},"8":{"start":{"line":37,"column":12},"end":{"line":37,"column":37}},"9":{"start":{"line":38,"column":29},"end":{"line":38,"column":59}},"10":{"start":{"line":39,"column":12},"end":{"line":39,"column":51}},"11":{"start":{"line":40,"column":12},"end":{"line":40,"column":51}},"12":{"start":{"line":41,"column":26},"end":{"line":41,"column":30}},"13":{"start":{"line":42,"column":12},"end":{"line":42,"column":55}},"14":{"start":{"line":44,"column":35},"end":{"line":44,"column":42}},"15":{"start":{"line":45,"column":34},"end":{"line":45,"column":73}},"16":{"start":{"line":47,"column":12},"end":{"line":53,"column":13}},"17":{"start":{"line":48,"column":16},"end":{"line":52,"column":17}},"18":{"start":{"line":55,"column":12},"end":{"line":57,"column":13}},"19":{"start":{"line":60,"column":8},"end":{"line":60,"column":33}},"20":{"start":{"line":71,"column":26},"end":{"line":71,"column":56}},"21":{"start":{"line":72,"column":22},"end":{"line":72,"column":54}},"22":{"start":{"line":73,"column":51},"end":{"line":75,"column":9}},"23":{"start":{"line":77,"column":8},"end":{"line":99,"column":9}},"24":{"start":{"line":78,"column":34},"end":{"line":78,"column":60}},"25":{"start":{"line":79,"column":34},"end":{"line":79,"column":61}},"26":{"start":{"line":81,"column":12},"end":{"line":81,"column":36}},"27":{"start":{"line":82,"column":12},"end":{"line":82,"column":56}},"28":{"start":{"line":83,"column":29},"end":{"line":83,"column":59}},"29":{"start":{"line":84,"column":12},"end":{"line":84,"column":51}},"30":{"start":{"line":85,"column":12},"end":{"line":85,"column":51}},"31":{"start":{"line":87,"column":26},"end":{"line":87,"column":31}},"32":{"start":{"line":88,"column":12},"end":{"line":88,"column":55}},"33":{"start":{"line":89,"column":35},"end":{"line":89,"column":42}},"34":{"start":{"line":91,"column":34},"end":{"line":91,"column":73}},"35":{"start":{"line":92,"column":12},"end":{"line":98,"column":13}},"36":{"start":{"line":93,"column":16},"end":{"line":97,"column":17}},"37":{"start":{"line":101,"column":8},"end":{"line":101,"column":35}},"38":{"start":{"line":112,"column":28},"end":{"line":112,"column":52}},"39":{"start":{"line":113,"column":28},"end":{"line":113,"column":52}},"40":{"start":{"line":115,"column":28},"end":{"line":115,"column":167}},"41":{"start":{"line":116,"column":26},"end":{"line":116,"column":163}},"42":{"start":{"line":118,"column":8},"end":{"line":122,"column":9}},"43":{"start":{"line":119,"column":12},"end":{"line":119,"column":62}},"44":{"start":{"line":120,"column":15},"end":{"line":122,"column":9}},"45":{"start":{"line":121,"column":12},"end":{"line":121,"column":60}},"46":{"start":{"line":131,"column":26},"end":{"line":131,"column":56}},"47":{"start":{"line":132,"column":24},"end":{"line":132,"column":56}},"48":{"start":{"line":134,"column":25},"end":{"line":134,"column":55}},"49":{"start":{"line":135,"column":8},"end":{"line":135,"column":47}},"50":{"start":{"line":136,"column":8},"end":{"line":136,"column":47}},"51":{"start":{"line":138,"column":29},"end":{"line":138,"column":36}},"52":{"start":{"line":139,"column":30},"end":{"line":139,"column":69}},"53":{"start":{"line":140,"column":8},"end":{"line":140,"column":36}},"54":{"start":{"line":149,"column":26},"end":{"line":149,"column":56}},"55":{"start":{"line":150,"column":24},"end":{"line":150,"column":56}},"56":{"start":{"line":151,"column":8},"end":{"line":151,"column":32}},"57":{"start":{"line":159,"column":22},"end":{"line":159,"column":55}},"58":{"start":{"line":160,"column":8},"end":{"line":160,"column":20}},"59":{"start":{"line":170,"column":26},"end":{"line":170,"column":56}},"60":{"start":{"line":171,"column":24},"end":{"line":171,"column":56}},"61":{"start":{"line":173,"column":8},"end":{"line":177,"column":9}},"62":{"start":{"line":174,"column":12},"end":{"line":174,"column":35}},"63":{"start":{"line":175,"column":15},"end":{"line":177,"column":9}},"64":{"start":{"line":176,"column":12},"end":{"line":176,"column":36}},"65":{"start":{"line":179,"column":31},"end":{"line":179,"column":38}},"66":{"start":{"line":180,"column":30},"end":{"line":180,"column":69}},"67":{"start":{"line":182,"column":8},"end":{"line":182,"column":28}},"68":{"start":{"line":191,"column":29},"end":{"line":191,"column":58}},"69":{"start":{"line":193,"column":38},"end":{"line":196,"column":9}},"70":{"start":{"line":198,"column":8},"end":{"line":198,"column":22}},"71":{"start":{"line":208,"column":26},"end":{"line":208,"column":56}},"72":{"start":{"line":209,"column":24},"end":{"line":209,"column":56}},"73":{"start":{"line":211,"column":8},"end":{"line":217,"column":9}},"74":{"start":{"line":212,"column":12},"end":{"line":212,"column":40}},"75":{"start":{"line":213,"column":12},"end":{"line":213,"column":37}},"76":{"start":{"line":214,"column":15},"end":{"line":217,"column":9}},"77":{"start":{"line":215,"column":12},"end":{"line":215,"column":41}},"78":{"start":{"line":216,"column":12},"end":{"line":216,"column":36}},"79":{"start":{"line":219,"column":31},"end":{"line":219,"column":38}},"80":{"start":{"line":220,"column":30},"end":{"line":220,"column":69}},"81":{"start":{"line":221,"column":8},"end":{"line":221,"column":28}},"82":{"start":{"line":232,"column":26},"end":{"line":232,"column":56}},"83":{"start":{"line":233,"column":24},"end":{"line":233,"column":56}},"84":{"start":{"line":235,"column":8},"end":{"line":241,"column":9}},"85":{"start":{"line":236,"column":12},"end":{"line":236,"column":35}},"86":{"start":{"line":237,"column":12},"end":{"line":237,"column":37}},"87":{"start":{"line":238,"column":15},"end":{"line":241,"column":9}},"88":{"start":{"line":239,"column":12},"end":{"line":239,"column":36}},"89":{"start":{"line":240,"column":12},"end":{"line":240,"column":36}},"90":{"start":{"line":243,"column":31},"end":{"line":243,"column":38}},"91":{"start":{"line":244,"column":30},"end":{"line":244,"column":69}},"92":{"start":{"line":246,"column":8},"end":{"line":246,"column":28}}},"fnMap":{"0":{"name":"(anonymous_0)","decl":{"start":{"line":23,"column":22},"end":{"line":23,"column":23}},"loc":{"start":{"line":23,"column":83},"end":{"line":61,"column":5}},"line":23},"1":{"name":"(anonymous_1)","decl":{"start":{"line":70,"column":20},"end":{"line":70,"column":21}},"loc":{"start":{"line":70,"column":81},"end":{"line":102,"column":5}},"line":70},"2":{"name":"(anonymous_2)","decl":{"start":{"line":111,"column":15},"end":{"line":111,"column":16}},"loc":{"start":{"line":111,"column":87},"end":{"line":123,"column":5}},"line":111},"3":{"name":"(anonymous_3)","decl":{"start":{"line":130,"column":20},"end":{"line":130,"column":21}},"loc":{"start":{"line":130,"column":56},"end":{"line":141,"column":5}},"line":130},"4":{"name":"(anonymous_4)","decl":{"start":{"line":148,"column":20},"end":{"line":148,"column":21}},"loc":{"start":{"line":148,"column":56},"end":{"line":152,"column":5}},"line":148},"5":{"name":"(anonymous_5)","decl":{"start":{"line":158,"column":16},"end":{"line":158,"column":17}},"loc":{"start":{"line":158,"column":36},"end":{"line":161,"column":5}},"line":158},"6":{"name":"(anonymous_6)","decl":{"start":{"line":169,"column":22},"end":{"line":169,"column":23}},"loc":{"start":{"line":169,"column":76},"end":{"line":183,"column":5}},"line":169},"7":{"name":"(anonymous_7)","decl":{"start":{"line":190,"column":18},"end":{"line":190,"column":19}},"loc":{"start":{"line":190,"column":62},"end":{"line":199,"column":5}},"line":190},"8":{"name":"(anonymous_8)","decl":{"start":{"line":207,"column":19},"end":{"line":207,"column":20}},"loc":{"start":{"line":207,"column":78},"end":{"line":222,"column":5}},"line":207},"9":{"name":"(anonymous_9)","decl":{"start":{"line":231,"column":20},"end":{"line":231,"column":21}},"loc":{"start":{"line":231,"column":83},"end":{"line":247,"column":5}},"line":231}},"branchMap":{"0":{"loc":{"start":{"line":29,"column":8},"end":{"line":58,"column":9}},"type":"if","locations":[{"start":{"line":29,"column":8},"end":{"line":58,"column":9}},{"start":{"line":54,"column":15},"end":{"line":58,"column":9}}],"line":29},"1":{"loc":{"start":{"line":30,"column":12},"end":{"line":35,"column":29}},"type":"binary-expr","locations":[{"start":{"line":30,"column":12},"end":{"line":30,"column":29}},{"start":{"line":31,"column":12},"end":{"line":31,"column":25}},{"start":{"line":32,"column":12},"end":{"line":32,"column":34}},{"start":{"line":33,"column":12},"end":{"line":33,"column":34}},{"start":{"line":34,"column":12},"end":{"line":34,"column":29}},{"start":{"line":35,"column":12},"end":{"line":35,"column":29}}],"line":30},"2":{"loc":{"start":{"line":47,"column":12},"end":{"line":53,"column":13}},"type":"if","locations":[{"start":{"line":47,"column":12},"end":{"line":53,"column":13}},{"start":{},"end":{}}],"line":47},"3":{"loc":{"start":{"line":77,"column":8},"end":{"line":99,"column":9}},"type":"if","locations":[{"start":{"line":77,"column":8},"end":{"line":99,"column":9}},{"start":{},"end":{}}],"line":77},"4":{"loc":{"start":{"line":92,"column":12},"end":{"line":98,"column":13}},"type":"if","locations":[{"start":{"line":92,"column":12},"end":{"line":98,"column":13}},{"start":{},"end":{}}],"line":92},"5":{"loc":{"start":{"line":118,"column":8},"end":{"line":122,"column":9}},"type":"if","locations":[{"start":{"line":118,"column":8},"end":{"line":122,"column":9}},{"start":{"line":120,"column":15},"end":{"line":122,"column":9}}],"line":118},"6":{"loc":{"start":{"line":120,"column":15},"end":{"line":122,"column":9}},"type":"if","locations":[{"start":{"line":120,"column":15},"end":{"line":122,"column":9}},{"start":{},"end":{}}],"line":120},"7":{"loc":{"start":{"line":173,"column":8},"end":{"line":177,"column":9}},"type":"if","locations":[{"start":{"line":173,"column":8},"end":{"line":177,"column":9}},{"start":{"line":175,"column":15},"end":{"line":177,"column":9}}],"line":173},"8":{"loc":{"start":{"line":175,"column":15},"end":{"line":177,"column":9}},"type":"if","locations":[{"start":{"line":175,"column":15},"end":{"line":177,"column":9}},{"start":{},"end":{}}],"line":175},"9":{"loc":{"start":{"line":195,"column":29},"end":{"line":195,"column":68}},"type":"binary-expr","locations":[{"start":{"line":195,"column":29},"end":{"line":195,"column":47}},{"start":{"line":195,"column":51},"end":{"line":195,"column":68}}],"line":195},"10":{"loc":{"start":{"line":211,"column":8},"end":{"line":217,"column":9}},"type":"if","locations":[{"start":{"line":211,"column":8},"end":{"line":217,"column":9}},{"start":{"line":214,"column":15},"end":{"line":217,"column":9}}],"line":211},"11":{"loc":{"start":{"line":214,"column":15},"end":{"line":217,"column":9}},"type":"if","locations":[{"start":{"line":214,"column":15},"end":{"line":217,"column":9}},{"start":{},"end":{}}],"line":214},"12":{"loc":{"start":{"line":235,"column":8},"end":{"line":241,"column":9}},"type":"if","locations":[{"start":{"line":235,"column":8},"end":{"line":241,"column":9}},{"start":{"line":238,"column":15},"end":{"line":241,"column":9}}],"line":235},"13":{"loc":{"start":{"line":238,"column":15},"end":{"line":241,"column":9}},"type":"if","locations":[{"start":{"line":238,"column":15},"end":{"line":241,"column":9}},{"start":{},"end":{}}],"line":238}},"s":{"0":1,"1":1,"2":1,"3":2,"4":2,"5":2,"6":2,"7":2,"8":1,"9":1,"10":1,"11":1,"12":1,"13":1,"14":1,"15":1,"16":1,"17":1,"18":1,"19":2,"20":2,"21":2,"22":2,"23":2,"24":1,"25":1,"26":1,"27":1,"28":1,"29":1,"30":1,"31":1,"32":1,"33":1,"34":1,"35":1,"36":1,"37":2,"38":4,"39":4,"40":4,"41":4,"42":4,"43":2,"44":2,"45":2,"46":1,"47":1,"48":1,"49":1,"50":1,"51":1,"52":1,"53":1,"54":1,"55":1,"56":1,"57":1,"58":1,"59":2,"60":2,"61":2,"62":1,"63":1,"64":1,"65":2,"66":2,"67":2,"68":3,"69":3,"70":3,"71":2,"72":2,"73":2,"74":1,"75":1,"76":1,"77":1,"78":1,"79":2,"80":2,"81":2,"82":2,"83":2,"84":2,"85":1,"86":1,"87":1,"88":1,"89":1,"90":2,"91":2,"92":2},"f":{"0":2,"1":2,"2":4,"3":1,"4":1,"5":1,"6":2,"7":3,"8":2,"9":2},"b":{"0":[1,1],"1":[2,1,1,1,1,1],"2":[1,0],"3":[1,1],"4":[1,0],"5":[2,2],"6":[2,0],"7":[1,1],"8":[1,0],"9":[3,1],"10":[1,1],"11":[1,0],"12":[1,1],"13":[1,0]},"_coverageSchema":"1a1c01bbd47fc00a2c39e90264f33305004495a9","hash":"6ade26664dc2266fa55adc12c94b8483be9b636b"}
,"/home/linda/dbwebb-kurser/vteam/scooter-app/model/HardwareBridge.ts": {"path":"/home/linda/dbwebb-kurser/vteam/scooter-app/model/HardwareBridge.ts","statementMap":{"0":{"start":{"line":2,"column":17},"end":{"line":2,"column":34}},"1":{"start":{"line":3,"column":21},"end":{"line":3,"column":52}},"2":{"start":{"line":4,"column":22},"end":{"line":4,"column":66}},"3":{"start":{"line":5,"column":11},"end":{"line":5,"column":24}},"4":{"start":{"line":14,"column":26},"end":{"line":14,"column":48}},"5":{"start":{"line":15,"column":8},"end":{"line":15,"column":32}},"6":{"start":{"line":24,"column":27},"end":{"line":24,"column":74}},"7":{"start":{"line":25,"column":28},"end":{"line":25,"column":52}},"8":{"start":{"line":26,"column":23},"end":{"line":29,"column":9}},"9":{"start":{"line":31,"column":8},"end":{"line":31,"column":23}},"10":{"start":{"line":40,"column":29},"end":{"line":40,"column":80}},"11":{"start":{"line":41,"column":8},"end":{"line":41,"column":39}},"12":{"start":{"line":50,"column":22},"end":{"line":50,"column":77}},"13":{"start":{"line":51,"column":8},"end":{"line":51,"column":28}},"14":{"start":{"line":58,"column":8},"end":{"line":58,"column":68}},"15":{"start":{"line":65,"column":8},"end":{"line":65,"column":69}},"16":{"start":{"line":74,"column":28},"end":{"line":74,"column":38}},"17":{"start":{"line":76,"column":27},"end":{"line":76,"column":62}},"18":{"start":{"line":77,"column":29},"end":{"line":77,"column":69}},"19":{"start":{"line":78,"column":28},"end":{"line":78,"column":53}},"20":{"start":{"line":80,"column":27},"end":{"line":80,"column":78}},"21":{"start":{"line":82,"column":8},"end":{"line":82,"column":25}},"22":{"start":{"line":91,"column":28},"end":{"line":91,"column":38}},"23":{"start":{"line":93,"column":22},"end":{"line":93,"column":58}},"24":{"start":{"line":94,"column":24},"end":{"line":94,"column":62}},"25":{"start":{"line":95,"column":24},"end":{"line":95,"column":62}},"26":{"start":{"line":97,"column":27},"end":{"line":97,"column":64}},"27":{"start":{"line":98,"column":8},"end":{"line":98,"column":25}},"28":{"start":{"line":108,"column":31},"end":{"line":108,"column":52}},"29":{"start":{"line":110,"column":8},"end":{"line":112,"column":9}},"30":{"start":{"line":111,"column":12},"end":{"line":111,"column":53}},"31":{"start":{"line":114,"column":8},"end":{"line":114,"column":31}}},"fnMap":{"0":{"name":"(anonymous_0)","decl":{"start":{"line":13,"column":19},"end":{"line":13,"column":20}},"loc":{"start":{"line":13,"column":39},"end":{"line":16,"column":5}},"line":13},"1":{"name":"(anonymous_1)","decl":{"start":{"line":23,"column":19},"end":{"line":23,"column":20}},"loc":{"start":{"line":23,"column":41},"end":{"line":32,"column":5}},"line":23},"2":{"name":"(anonymous_2)","decl":{"start":{"line":39,"column":18},"end":{"line":39,"column":19}},"loc":{"start":{"line":39,"column":38},"end":{"line":42,"column":5}},"line":39},"3":{"name":"(anonymous_3)","decl":{"start":{"line":49,"column":22},"end":{"line":49,"column":23}},"loc":{"start":{"line":49,"column":42},"end":{"line":52,"column":5}},"line":49},"4":{"name":"(anonymous_4)","decl":{"start":{"line":57,"column":12},"end":{"line":57,"column":13}},"loc":{"start":{"line":57,"column":30},"end":{"line":59,"column":5}},"line":57},"5":{"name":"(anonymous_5)","decl":{"start":{"line":64,"column":13},"end":{"line":64,"column":14}},"loc":{"start":{"line":64,"column":31},"end":{"line":66,"column":5}},"line":64},"6":{"name":"(anonymous_6)","decl":{"start":{"line":73,"column":13},"end":{"line":73,"column":14}},"loc":{"start":{"line":73,"column":33},"end":{"line":83,"column":5}},"line":73},"7":{"name":"(anonymous_7)","decl":{"start":{"line":90,"column":13},"end":{"line":90,"column":14}},"loc":{"start":{"line":90,"column":33},"end":{"line":99,"column":5}},"line":90},"8":{"name":"(anonymous_8)","decl":{"start":{"line":107,"column":13},"end":{"line":107,"column":14}},"loc":{"start":{"line":107,"column":51},"end":{"line":115,"column":5}},"line":107}},"branchMap":{"0":{"loc":{"start":{"line":110,"column":8},"end":{"line":112,"column":9}},"type":"if","locations":[{"start":{"line":110,"column":8},"end":{"line":112,"column":9}},{"start":{},"end":{}}],"line":110}},"s":{"0":2,"1":2,"2":2,"3":2,"4":13,"5":13,"6":6,"7":6,"8":6,"9":6,"10":6,"11":6,"12":2,"13":2,"14":1,"15":1,"16":5,"17":5,"18":5,"19":5,"20":5,"21":5,"22":5,"23":5,"24":5,"25":5,"26":5,"27":5,"28":28,"29":28,"30":1,"31":28},"f":{"0":13,"1":6,"2":6,"3":2,"4":1,"5":1,"6":5,"7":5,"8":28},"b":{"0":[1,27]},"_coverageSchema":"1a1c01bbd47fc00a2c39e90264f33305004495a9","hash":"e651f03af24495e78d2d444bfc532227682bfd42"}
,"/home/linda/dbwebb-kurser/vteam/scooter-app/model/ScooterApi.ts": {"path":"/home/linda/dbwebb-kurser/vteam/scooter-app/model/ScooterApi.ts","statementMap":{"0":{"start":{"line":12,"column":30},"end":{"line":12,"column":60}},"1":{"start":{"line":13,"column":24},"end":{"line":13,"column":54}},"2":{"start":{"line":14,"column":20},"end":{"line":14,"column":69}},"3":{"start":{"line":16,"column":24},"end":{"line":26,"column":14}},"4":{"start":{"line":18,"column":16},"end":{"line":20,"column":17}},"5":{"start":{"line":19,"column":20},"end":{"line":19,"column":42}},"6":{"start":{"line":23,"column":16},"end":{"line":25,"column":17}},"7":{"start":{"line":24,"column":20},"end":{"line":24,"column":41}},"8":{"start":{"line":28,"column":8},"end":{"line":28,"column":22}},"9":{"start":{"line":38,"column":30},"end":{"line":38,"column":60}},"10":{"start":{"line":39,"column":24},"end":{"line":39,"column":54}},"11":{"start":{"line":40,"column":26},"end":{"line":40,"column":43}},"12":{"start":{"line":41,"column":20},"end":{"line":41,"column":69}},"13":{"start":{"line":42,"column":43},"end":{"line":44,"column":9}},"14":{"start":{"line":46,"column":25},"end":{"line":55,"column":14}},"15":{"start":{"line":54,"column":16},"end":{"line":54,"column":31}},"16":{"start":{"line":57,"column":8},"end":{"line":67,"column":9}},"17":{"start":{"line":58,"column":12},"end":{"line":61,"column":13}},"18":{"start":{"line":63,"column":12},"end":{"line":66,"column":13}},"19":{"start":{"line":69,"column":8},"end":{"line":69,"column":28}},"20":{"start":{"line":73,"column":25},"end":{"line":73,"column":42}},"21":{"start":{"line":75,"column":8},"end":{"line":77,"column":9}},"22":{"start":{"line":76,"column":12},"end":{"line":76,"column":73}},"23":{"start":{"line":78,"column":8},"end":{"line":78,"column":23}}},"fnMap":{"0":{"name":"(anonymous_0)","decl":{"start":{"line":11,"column":10},"end":{"line":11,"column":11}},"loc":{"start":{"line":11,"column":63},"end":{"line":29,"column":5}},"line":11},"1":{"name":"(anonymous_1)","decl":{"start":{"line":17,"column":18},"end":{"line":17,"column":19}},"loc":{"start":{"line":17,"column":32},"end":{"line":21,"column":13}},"line":17},"2":{"name":"(anonymous_2)","decl":{"start":{"line":22,"column":18},"end":{"line":22,"column":19}},"loc":{"start":{"line":22,"column":30},"end":{"line":26,"column":13}},"line":22},"3":{"name":"(anonymous_3)","decl":{"start":{"line":37,"column":12},"end":{"line":37,"column":13}},"loc":{"start":{"line":37,"column":77},"end":{"line":70,"column":5}},"line":37},"4":{"name":"(anonymous_4)","decl":{"start":{"line":53,"column":18},"end":{"line":53,"column":19}},"loc":{"start":{"line":53,"column":32},"end":{"line":55,"column":13}},"line":53},"5":{"name":"(anonymous_5)","decl":{"start":{"line":72,"column":20},"end":{"line":72,"column":21}},"loc":{"start":{"line":72,"column":52},"end":{"line":79,"column":5}},"line":72}},"branchMap":{"0":{"loc":{"start":{"line":18,"column":16},"end":{"line":20,"column":17}},"type":"if","locations":[{"start":{"line":18,"column":16},"end":{"line":20,"column":17}},{"start":{},"end":{}}],"line":18},"1":{"loc":{"start":{"line":23,"column":16},"end":{"line":25,"column":17}},"type":"if","locations":[{"start":{"line":23,"column":16},"end":{"line":25,"column":17}},{"start":{},"end":{}}],"line":23},"2":{"loc":{"start":{"line":57,"column":8},"end":{"line":67,"column":9}},"type":"if","locations":[{"start":{"line":57,"column":8},"end":{"line":67,"column":9}},{"start":{"line":62,"column":15},"end":{"line":67,"column":9}}],"line":57},"3":{"loc":{"start":{"line":75,"column":8},"end":{"line":77,"column":9}},"type":"if","locations":[{"start":{"line":75,"column":8},"end":{"line":77,"column":9}},{"start":{},"end":{}}],"line":75}},"s":{"0":14,"1":14,"2":14,"3":14,"4":14,"5":13,"6":14,"7":13,"8":14,"9":11,"10":11,"11":11,"12":11,"13":11,"14":11,"15":11,"16":11,"17":10,"18":1,"19":11,"20":52,"21":52,"22":1,"23":51},"f":{"0":14,"1":14,"2":14,"3":11,"4":11,"5":52},"b":{"0":[13,1],"1":[13,1],"2":[10,1],"3":[1,51]},"_coverageSchema":"1a1c01bbd47fc00a2c39e90264f33305004495a9","hash":"02904a8c27cbff615ed444dbdbc8275d94828384"}
,"/home/linda/dbwebb-kurser/vteam/scooter-app/test/fakeData.ts": {"path":"/home/linda/dbwebb-kurser/vteam/scooter-app/test/fakeData.ts","statementMap":{"0":{"start":{"line":2,"column":17},"end":{"line":2,"column":34}},"1":{"start":{"line":3,"column":21},"end":{"line":3,"column":52}},"2":{"start":{"line":4,"column":22},"end":{"line":4,"column":66}},"3":{"start":{"line":5,"column":11},"end":{"line":5,"column":24}},"4":{"start":{"line":13,"column":29},"end":{"line":13,"column":42}},"5":{"start":{"line":15,"column":8},"end":{"line":15,"column":86}},"6":{"start":{"line":17,"column":8},"end":{"line":17,"column":27}},"7":{"start":{"line":25,"column":29},"end":{"line":25,"column":33}},"8":{"start":{"line":27,"column":8},"end":{"line":27,"column":86}},"9":{"start":{"line":29,"column":8},"end":{"line":29,"column":27}},"10":{"start":{"line":37,"column":29},"end":{"line":37,"column":33}},"11":{"start":{"line":39,"column":8},"end":{"line":39,"column":86}},"12":{"start":{"line":41,"column":8},"end":{"line":41,"column":27}},"13":{"start":{"line":49,"column":20},"end":{"line":49,"column":22}},"14":{"start":{"line":50,"column":22},"end":{"line":50,"column":53}},"15":{"start":{"line":52,"column":8},"end":{"line":52,"column":83}},"16":{"start":{"line":53,"column":8},"end":{"line":53,"column":20}},"17":{"start":{"line":61,"column":35},"end":{"line":65,"column":9}},"18":{"start":{"line":67,"column":41},"end":{"line":67,"column":74}},"19":{"start":{"line":69,"column":30},"end":{"line":69,"column":89}},"20":{"start":{"line":70,"column":31},"end":{"line":70,"column":82}},"21":{"start":{"line":72,"column":44},"end":{"line":75,"column":9}},"22":{"start":{"line":77,"column":40},"end":{"line":77,"column":128}},"23":{"start":{"line":78,"column":8},"end":{"line":78,"column":82}},"24":{"start":{"line":80,"column":8},"end":{"line":80,"column":32}},"25":{"start":{"line":88,"column":28},"end":{"line":88,"column":75}},"26":{"start":{"line":89,"column":30},"end":{"line":89,"column":53}},"27":{"start":{"line":90,"column":34},"end":{"line":90,"column":58}},"28":{"start":{"line":91,"column":35},"end":{"line":91,"column":59}},"29":{"start":{"line":93,"column":20},"end":{"line":93,"column":23}},"30":{"start":{"line":94,"column":31},"end":{"line":94,"column":50}},"31":{"start":{"line":95,"column":32},"end":{"line":95,"column":51}},"32":{"start":{"line":97,"column":34},"end":{"line":97,"column":68}},"33":{"start":{"line":98,"column":34},"end":{"line":98,"column":62}},"34":{"start":{"line":100,"column":35},"end":{"line":100,"column":71}},"35":{"start":{"line":101,"column":35},"end":{"line":101,"column":64}},"36":{"start":{"line":103,"column":34},"end":{"line":103,"column":79}},"37":{"start":{"line":104,"column":8},"end":{"line":104,"column":76}},"38":{"start":{"line":106,"column":42},"end":{"line":109,"column":9}},"39":{"start":{"line":111,"column":8},"end":{"line":111,"column":30}},"40":{"start":{"line":119,"column":36},"end":{"line":122,"column":9}},"41":{"start":{"line":124,"column":32},"end":{"line":124,"column":104}},"42":{"start":{"line":125,"column":8},"end":{"line":125,"column":74}},"43":{"start":{"line":127,"column":8},"end":{"line":127,"column":24}}},"fnMap":{"0":{"name":"(anonymous_0)","decl":{"start":{"line":12,"column":22},"end":{"line":12,"column":23}},"loc":{"start":{"line":12,"column":42},"end":{"line":18,"column":5}},"line":12},"1":{"name":"(anonymous_1)","decl":{"start":{"line":24,"column":20},"end":{"line":24,"column":21}},"loc":{"start":{"line":24,"column":40},"end":{"line":30,"column":5}},"line":24},"2":{"name":"(anonymous_2)","decl":{"start":{"line":36,"column":24},"end":{"line":36,"column":25}},"loc":{"start":{"line":36,"column":44},"end":{"line":42,"column":5}},"line":36},"3":{"name":"(anonymous_3)","decl":{"start":{"line":48,"column":15},"end":{"line":48,"column":16}},"loc":{"start":{"line":48,"column":35},"end":{"line":54,"column":5}},"line":48},"4":{"name":"(anonymous_4)","decl":{"start":{"line":60,"column":29},"end":{"line":60,"column":30}},"loc":{"start":{"line":60,"column":51},"end":{"line":81,"column":5}},"line":60},"5":{"name":"(anonymous_5)","decl":{"start":{"line":87,"column":24},"end":{"line":87,"column":25}},"loc":{"start":{"line":87,"column":46},"end":{"line":112,"column":5}},"line":87},"6":{"name":"(anonymous_6)","decl":{"start":{"line":118,"column":27},"end":{"line":118,"column":28}},"loc":{"start":{"line":118,"column":49},"end":{"line":128,"column":5}},"line":118}},"branchMap":{},"s":{"0":2,"1":2,"2":2,"3":2,"4":2,"5":2,"6":2,"7":1,"8":1,"9":1,"10":4,"11":4,"12":4,"13":2,"14":2,"15":2,"16":2,"17":3,"18":3,"19":3,"20":3,"21":3,"22":3,"23":3,"24":3,"25":1,"26":1,"27":1,"28":1,"29":1,"30":1,"31":1,"32":1,"33":1,"34":1,"35":1,"36":1,"37":1,"38":1,"39":1,"40":4,"41":4,"42":4,"43":4},"f":{"0":2,"1":1,"2":4,"3":2,"4":3,"5":1,"6":4},"b":{},"_coverageSchema":"1a1c01bbd47fc00a2c39e90264f33305004495a9","hash":"5b075e47dd1b511c7c7ee83c8badeca045e2ccff"}
}
