TN:
SF:controller/ScooterUtils.ts
FN:23,(anonymous_0)
FN:70,(anonymous_1)
FN:111,(anonymous_2)
FN:130,(anonymous_3)
FN:148,(anonymous_4)
FN:158,(anonymous_5)
FN:169,(anonymous_6)
FN:190,(anonymous_7)
FN:207,(anonymous_8)
FN:231,(anonymous_9)
FNF:10
FNH:10
FNDA:2,(anonymous_0)
FNDA:2,(anonymous_1)
FNDA:4,(anonymous_2)
FNDA:1,(anonymous_3)
FNDA:1,(anonymous_4)
FNDA:1,(anonymous_5)
FNDA:2,(anonymous_6)
FNDA:3,(anonymous_7)
FNDA:2,(anonymous_8)
FNDA:2,(anonymous_9)
DA:1,1
DA:11,1
DA:12,1
DA:24,2
DA:25,2
DA:26,2
DA:27,2
DA:29,2
DA:37,1
DA:38,1
DA:39,1
DA:40,1
DA:41,1
DA:42,1
DA:44,1
DA:45,1
DA:47,1
DA:48,1
DA:55,1
DA:60,2
DA:71,2
DA:72,2
DA:73,2
DA:77,2
DA:78,1
DA:79,1
DA:81,1
DA:82,1
DA:83,1
DA:84,1
DA:85,1
DA:87,1
DA:88,1
DA:89,1
DA:91,1
DA:92,1
DA:93,1
DA:101,2
DA:112,4
DA:113,4
DA:115,4
DA:116,4
DA:118,4
DA:119,2
DA:120,2
DA:121,2
DA:131,1
DA:132,1
DA:134,1
DA:135,1
DA:136,1
DA:138,1
DA:139,1
DA:140,1
DA:149,1
DA:150,1
DA:151,1
DA:159,1
DA:160,1
DA:170,2
DA:171,2
DA:173,2
DA:174,1
DA:175,1
DA:176,1
DA:179,2
DA:180,2
DA:182,2
DA:191,3
DA:193,3
DA:198,3
DA:208,2
DA:209,2
DA:211,2
DA:212,1
DA:213,1
DA:214,1
DA:215,1
DA:216,1
DA:219,2
DA:220,2
DA:221,2
DA:232,2
DA:233,2
DA:235,2
DA:236,1
DA:237,1
DA:238,1
DA:239,1
DA:240,1
DA:243,2
DA:244,2
DA:246,2
LF:93
LH:93
BRDA:29,0,0,1
BRDA:29,0,1,1
BRDA:30,1,0,2
BRDA:30,1,1,1
BRDA:30,1,2,1
BRDA:30,1,3,1
BRDA:30,1,4,1
BRDA:30,1,5,1
BRDA:47,2,0,1
BRDA:47,2,1,0
BRDA:77,3,0,1
BRDA:77,3,1,1
BRDA:92,4,0,1
BRDA:92,4,1,0
BRDA:118,5,0,2
BRDA:118,5,1,2
BRDA:120,6,0,2
BRDA:120,6,1,0
BRDA:173,7,0,1
BRDA:173,7,1,1
BRDA:175,8,0,1
BRDA:175,8,1,0
BRDA:195,9,0,3
BRDA:195,9,1,1
BRDA:211,10,0,1
BRDA:211,10,1,1
BRDA:214,11,0,1
BRDA:214,11,1,0
BRDA:235,12,0,1
BRDA:235,12,1,1
BRDA:238,13,0,1
BRDA:238,13,1,0
BRF:32
BRH:26
end_of_record
TN:
SF:model/HardwareBridge.ts
FN:13,(anonymous_0)
FN:23,(anonymous_1)
FN:39,(anonymous_2)
FN:49,(anonymous_3)
FN:57,(anonymous_4)
FN:64,(anonymous_5)
FN:73,(anonymous_6)
FN:90,(anonymous_7)
FN:107,(anonymous_8)
FNF:9
FNH:9
FNDA:13,(anonymous_0)
FNDA:6,(anonymous_1)
FNDA:6,(anonymous_2)
FNDA:2,(anonymous_3)
FNDA:1,(anonymous_4)
FNDA:1,(anonymous_5)
FNDA:5,(anonymous_6)
FNDA:5,(anonymous_7)
FNDA:28,(anonymous_8)
DA:2,2
DA:3,2
DA:4,2
DA:5,2
DA:14,13
DA:15,13
DA:24,6
DA:25,6
DA:26,6
DA:31,6
DA:40,6
DA:41,6
DA:50,2
DA:51,2
DA:58,1
DA:65,1
DA:74,5
DA:76,5
DA:77,5
DA:78,5
DA:80,5
DA:82,5
DA:91,5
DA:93,5
DA:94,5
DA:95,5
DA:97,5
DA:98,5
DA:108,28
DA:110,28
DA:111,1
DA:114,28
LF:32
LH:32
BRDA:110,0,0,1
BRDA:110,0,1,27
BRF:2
BRH:2
end_of_record
TN:
SF:model/ScooterApi.ts
FN:11,(anonymous_0)
FN:17,(anonymous_1)
FN:22,(anonymous_2)
FN:37,(anonymous_3)
FN:53,(anonymous_4)
FN:72,(anonymous_5)
FNF:6
FNH:6
FNDA:14,(anonymous_0)
FNDA:14,(anonymous_1)
FNDA:14,(anonymous_2)
FNDA:11,(anonymous_3)
FNDA:11,(anonymous_4)
FNDA:52,(anonymous_5)
DA:12,14
DA:13,14
DA:14,14
DA:16,14
DA:18,14
DA:19,13
DA:23,14
DA:24,13
DA:28,14
DA:38,11
DA:39,11
DA:40,11
DA:41,11
DA:42,11
DA:46,11
DA:54,11
DA:57,11
DA:58,10
DA:63,1
DA:69,11
DA:73,52
DA:75,52
DA:76,1
DA:78,51
LF:24
LH:24
BRDA:18,0,0,13
BRDA:18,0,1,1
BRDA:23,1,0,13
BRDA:23,1,1,1
BRDA:57,2,0,10
BRDA:57,2,1,1
BRDA:75,3,0,1
BRDA:75,3,1,51
BRF:8
BRH:8
end_of_record
TN:
SF:test/fakeData.ts
FN:12,(anonymous_0)
FN:24,(anonymous_1)
FN:36,(anonymous_2)
FN:48,(anonymous_3)
FN:60,(anonymous_4)
FN:87,(anonymous_5)
FN:118,(anonymous_6)
FNF:7
FNH:7
FNDA:2,(anonymous_0)
FNDA:1,(anonymous_1)
FNDA:4,(anonymous_2)
FNDA:2,(anonymous_3)
FNDA:3,(anonymous_4)
FNDA:1,(anonymous_5)
FNDA:4,(anonymous_6)
DA:2,2
DA:3,2
DA:4,2
DA:5,2
DA:13,2
DA:15,2
DA:17,2
DA:25,1
DA:27,1
DA:29,1
DA:37,4
DA:39,4
DA:41,4
DA:49,2
DA:50,2
DA:52,2
DA:53,2
DA:61,3
DA:67,3
DA:69,3
DA:70,3
DA:72,3
DA:77,3
DA:78,3
DA:80,3
DA:88,1
DA:89,1
DA:90,1
DA:91,1
DA:93,1
DA:94,1
DA:95,1
DA:97,1
DA:98,1
DA:100,1
DA:101,1
DA:103,1
DA:104,1
DA:106,1
DA:111,1
DA:119,4
DA:124,4
DA:125,4
DA:127,4
LF:44
LH:44
BRF:0
BRH:0
end_of_record
